INFO 2019-11-19 19:50:07,358 root : Сервер доступний. Час на сервері: 2019-11-19T19:50:07.311
INFO 2019-11-19 19:50:07,358 root : Запитувана сторінка: : /health/
INFO 2019-11-19 19:50:07,358 root : Відповідь сервера місти наступні поля:
INFO 2019-11-19 19:50:07,359 root : Ключ: date, Значення: 2019-11-19T19:50:07.311
INFO 2019-11-19 19:50:07,359 root : Ключ: current_page, Значення: /health/
INFO 2019-11-19 19:50:07,359 root : Ключ: server_info, Значення: {'system': 'Linux', 'version': '#39~18.04.1-Ubuntu SMP Tue Nov 12 11:09:50 UTC 2019', 'release': '5.0.0-36-generic', 'network name': 'c4a7b5d23b58', 'machine': 'x86_64', 'processor': ''}
INFO 2019-11-19 19:50:07,359 root : Ключ: client_info, Значення: python-requests/2.22.0
INFO 2019-11-19 19:51:07,457 root : Сервер доступний. Час на сервері: 2019-11-19T19:51:07.413
INFO 2019-11-19 19:51:07,457 root : Запитувана сторінка: : /health/
INFO 2019-11-19 19:51:07,457 root : Відповідь сервера місти наступні поля:
INFO 2019-11-19 19:51:07,458 root : Ключ: date, Значення: 2019-11-19T19:51:07.413
INFO 2019-11-19 19:51:07,458 root : Ключ: current_page, Значення: /health/
INFO 2019-11-19 19:51:07,458 root : Ключ: server_info, Значення: {'system': 'Linux', 'version': '#39~18.04.1-Ubuntu SMP Tue Nov 12 11:09:50 UTC 2019', 'release': '5.0.0-36-generic', 'network name': 'c4a7b5d23b58', 'machine': 'x86_64', 'processor': ''}
INFO 2019-11-19 19:51:07,458 root : Ключ: client_info, Значення: python-requests/2.22.0
INFO 2019-11-19 19:52:07,570 root : Сервер доступний. Час на сервері: 2019-11-19T19:52:07.527
INFO 2019-11-19 19:52:07,570 root : Запитувана сторінка: : /health/
INFO 2019-11-19 19:52:07,570 root : Відповідь сервера місти наступні поля:
INFO 2019-11-19 19:52:07,570 root : Ключ: date, Значення: 2019-11-19T19:52:07.527
INFO 2019-11-19 19:52:07,570 root : Ключ: current_page, Значення: /health/
INFO 2019-11-19 19:52:07,570 root : Ключ: server_info, Значення: {'system': 'Linux', 'version': '#39~18.04.1-Ubuntu SMP Tue Nov 12 11:09:50 UTC 2019', 'release': '5.0.0-36-generic', 'network name': 'c4a7b5d23b58', 'machine': 'x86_64', 'processor': ''}
INFO 2019-11-19 19:52:07,570 root : Ключ: client_info, Значення: python-requests/2.22.0
INFO 2019-11-19 19:53:07,678 root : Сервер доступний. Час на сервері: 2019-11-19T19:53:07.633
INFO 2019-11-19 19:53:07,678 root : Запитувана сторінка: : /health/
INFO 2019-11-19 19:53:07,678 root : Відповідь сервера місти наступні поля:
INFO 2019-11-19 19:53:07,678 root : Ключ: date, Значення: 2019-11-19T19:53:07.633
INFO 2019-11-19 19:53:07,678 root : Ключ: current_page, Значення: /health/
INFO 2019-11-19 19:53:07,678 root : Ключ: server_info, Значення: {'system': 'Linux', 'version': '#39~18.04.1-Ubuntu SMP Tue Nov 12 11:09:50 UTC 2019', 'release': '5.0.0-36-generic', 'network name': 'c4a7b5d23b58', 'machine': 'x86_64', 'processor': ''}
INFO 2019-11-19 19:53:07,678 root : Ключ: client_info, Значення: python-requests/2.22.0
INFO 2019-11-19 19:54:07,782 root : Сервер доступний. Час на сервері: 2019-11-19T19:54:07.739
INFO 2019-11-19 19:54:07,782 root : Запитувана сторінка: : /health/
INFO 2019-11-19 19:54:07,782 root : Відповідь сервера місти наступні поля:
INFO 2019-11-19 19:54:07,782 root : Ключ: date, Значення: 2019-11-19T19:54:07.739
INFO 2019-11-19 19:54:07,782 root : Ключ: current_page, Значення: /health/
INFO 2019-11-19 19:54:07,782 root : Ключ: server_info, Значення: {'system': 'Linux', 'version': '#39~18.04.1-Ubuntu SMP Tue Nov 12 11:09:50 UTC 2019', 'release': '5.0.0-36-generic', 'network name': 'c4a7b5d23b58', 'machine': 'x86_64', 'processor': ''}
INFO 2019-11-19 19:54:07,782 root : Ключ: client_info, Значення: python-requests/2.22.0
INFO 2019-11-19 19:55:07,890 root : Сервер доступний. Час на сервері: 2019-11-19T19:55:07.847
INFO 2019-11-19 19:55:07,890 root : Запитувана сторінка: : /health/
INFO 2019-11-19 19:55:07,890 root : Відповідь сервера місти наступні поля:
INFO 2019-11-19 19:55:07,890 root : Ключ: date, Значення: 2019-11-19T19:55:07.847
INFO 2019-11-19 19:55:07,890 root : Ключ: current_page, Значення: /health/
INFO 2019-11-19 19:55:07,890 root : Ключ: server_info, Значення: {'system': 'Linux', 'version': '#39~18.04.1-Ubuntu SMP Tue Nov 12 11:09:50 UTC 2019', 'release': '5.0.0-36-generic', 'network name': 'c4a7b5d23b58', 'machine': 'x86_64', 'processor': ''}
INFO 2019-11-19 19:55:07,890 root : Ключ: client_info, Значення: python-requests/2.22.0
INFO 2019-11-19 19:56:07,998 root : Сервер доступний. Час на сервері: 2019-11-19T19:56:07.956
INFO 2019-11-19 19:56:07,998 root : Запитувана сторінка: : /health/
INFO 2019-11-19 19:56:07,998 root : Відповідь сервера місти наступні поля:
INFO 2019-11-19 19:56:07,998 root : Ключ: date, Значення: 2019-11-19T19:56:07.956
INFO 2019-11-19 19:56:07,998 root : Ключ: current_page, Значення: /health/
INFO 2019-11-19 19:56:07,998 root : Ключ: server_info, Значення: {'system': 'Linux', 'version': '#39~18.04.1-Ubuntu SMP Tue Nov 12 11:09:50 UTC 2019', 'release': '5.0.0-36-generic', 'network name': 'c4a7b5d23b58', 'machine': 'x86_64', 'processor': ''}
INFO 2019-11-19 19:56:07,998 root : Ключ: client_info, Значення: python-requests/2.22.0
INFO 2019-11-19 19:57:08,102 root : Сервер доступний. Час на сервері: 2019-11-19T19:57:08.060
INFO 2019-11-19 19:57:08,102 root : Запитувана сторінка: : /health/
INFO 2019-11-19 19:57:08,102 root : Відповідь сервера місти наступні поля:
INFO 2019-11-19 19:57:08,102 root : Ключ: date, Значення: 2019-11-19T19:57:08.060
INFO 2019-11-19 19:57:08,102 root : Ключ: current_page, Значення: /health/
INFO 2019-11-19 19:57:08,102 root : Ключ: server_info, Значення: {'system': 'Linux', 'version': '#39~18.04.1-Ubuntu SMP Tue Nov 12 11:09:50 UTC 2019', 'release': '5.0.0-36-generic', 'network name': 'c4a7b5d23b58', 'machine': 'x86_64', 'processor': ''}
INFO 2019-11-19 19:57:08,102 root : Ключ: client_info, Значення: python-requests/2.22.0
INFO 2019-11-19 19:58:08,231 root : Сервер доступний. Час на сервері: 2019-11-19T19:58:08.187
INFO 2019-11-19 19:58:08,231 root : Запитувана сторінка: : /health/
INFO 2019-11-19 19:58:08,231 root : Відповідь сервера місти наступні поля:
INFO 2019-11-19 19:58:08,231 root : Ключ: date, Значення: 2019-11-19T19:58:08.187
INFO 2019-11-19 19:58:08,231 root : Ключ: current_page, Значення: /health/
INFO 2019-11-19 19:58:08,231 root : Ключ: server_info, Значення: {'system': 'Linux', 'version': '#39~18.04.1-Ubuntu SMP Tue Nov 12 11:09:50 UTC 2019', 'release': '5.0.0-36-generic', 'network name': 'c4a7b5d23b58', 'machine': 'x86_64', 'processor': ''}
INFO 2019-11-19 19:58:08,231 root : Ключ: client_info, Значення: python-requests/2.22.0
INFO 2019-11-19 19:59:08,342 root : Сервер доступний. Час на сервері: 2019-11-19T19:59:08.299
INFO 2019-11-19 19:59:08,342 root : Запитувана сторінка: : /health/
INFO 2019-11-19 19:59:08,342 root : Відповідь сервера місти наступні поля:
INFO 2019-11-19 19:59:08,342 root : Ключ: date, Значення: 2019-11-19T19:59:08.299
INFO 2019-11-19 19:59:08,342 root : Ключ: current_page, Значення: /health/
INFO 2019-11-19 19:59:08,343 root : Ключ: server_info, Значення: {'system': 'Linux', 'version': '#39~18.04.1-Ubuntu SMP Tue Nov 12 11:09:50 UTC 2019', 'release': '5.0.0-36-generic', 'network name': 'c4a7b5d23b58', 'machine': 'x86_64', 'processor': ''}
INFO 2019-11-19 19:59:08,343 root : Ключ: client_info, Значення: python-requests/2.22.0
INFO 2019-11-19 20:00:08,450 root : Сервер доступний. Час на сервері: 2019-11-19T20:00:08.406
INFO 2019-11-19 20:00:08,450 root : Запитувана сторінка: : /health/
INFO 2019-11-19 20:00:08,450 root : Відповідь сервера місти наступні поля:
INFO 2019-11-19 20:00:08,450 root : Ключ: date, Значення: 2019-11-19T20:00:08.406
INFO 2019-11-19 20:00:08,450 root : Ключ: current_page, Значення: /health/
INFO 2019-11-19 20:00:08,450 root : Ключ: server_info, Значення: {'system': 'Linux', 'version': '#39~18.04.1-Ubuntu SMP Tue Nov 12 11:09:50 UTC 2019', 'release': '5.0.0-36-generic', 'network name': 'c4a7b5d23b58', 'machine': 'x86_64', 'processor': ''}
INFO 2019-11-19 20:00:08,450 root : Ключ: client_info, Значення: python-requests/2.22.0
INFO 2019-11-19 20:01:08,559 root : Сервер доступний. Час на сервері: 2019-11-19T20:01:08.516
INFO 2019-11-19 20:01:08,559 root : Запитувана сторінка: : /health/
INFO 2019-11-19 20:01:08,559 root : Відповідь сервера місти наступні поля:
INFO 2019-11-19 20:01:08,559 root : Ключ: date, Значення: 2019-11-19T20:01:08.516
INFO 2019-11-19 20:01:08,559 root : Ключ: current_page, Значення: /health/
INFO 2019-11-19 20:01:08,559 root : Ключ: server_info, Значення: {'system': 'Linux', 'version': '#39~18.04.1-Ubuntu SMP Tue Nov 12 11:09:50 UTC 2019', 'release': '5.0.0-36-generic', 'network name': 'c4a7b5d23b58', 'machine': 'x86_64', 'processor': ''}
INFO 2019-11-19 20:01:08,559 root : Ключ: client_info, Значення: python-requests/2.22.0
INFO 2019-11-19 20:02:08,683 root : Сервер доступний. Час на сервері: 2019-11-19T20:02:08.639
INFO 2019-11-19 20:02:08,683 root : Запитувана сторінка: : /health/
INFO 2019-11-19 20:02:08,683 root : Відповідь сервера місти наступні поля:
INFO 2019-11-19 20:02:08,683 root : Ключ: date, Значення: 2019-11-19T20:02:08.639
INFO 2019-11-19 20:02:08,683 root : Ключ: current_page, Значення: /health/
INFO 2019-11-19 20:02:08,683 root : Ключ: server_info, Значення: {'system': 'Linux', 'version': '#39~18.04.1-Ubuntu SMP Tue Nov 12 11:09:50 UTC 2019', 'release': '5.0.0-36-generic', 'network name': 'c4a7b5d23b58', 'machine': 'x86_64', 'processor': ''}
INFO 2019-11-19 20:02:08,683 root : Ключ: client_info, Значення: python-requests/2.22.0
INFO 2019-11-19 20:03:08,786 root : Сервер доступний. Час на сервері: 2019-11-19T20:03:08.743
INFO 2019-11-19 20:03:08,786 root : Запитувана сторінка: : /health/
INFO 2019-11-19 20:03:08,786 root : Відповідь сервера місти наступні поля:
INFO 2019-11-19 20:03:08,786 root : Ключ: date, Значення: 2019-11-19T20:03:08.743
INFO 2019-11-19 20:03:08,786 root : Ключ: current_page, Значення: /health/
INFO 2019-11-19 20:03:08,786 root : Ключ: server_info, Значення: {'system': 'Linux', 'version': '#39~18.04.1-Ubuntu SMP Tue Nov 12 11:09:50 UTC 2019', 'release': '5.0.0-36-generic', 'network name': 'c4a7b5d23b58', 'machine': 'x86_64', 'processor': ''}
INFO 2019-11-19 20:03:08,786 root : Ключ: client_info, Значення: python-requests/2.22.0
INFO 2019-11-19 20:04:08,909 root : Сервер доступний. Час на сервері: 2019-11-19T20:04:08.864
INFO 2019-11-19 20:04:08,909 root : Запитувана сторінка: : /health/
INFO 2019-11-19 20:04:08,910 root : Відповідь сервера місти наступні поля:
INFO 2019-11-19 20:04:08,910 root : Ключ: date, Значення: 2019-11-19T20:04:08.864
INFO 2019-11-19 20:04:08,910 root : Ключ: current_page, Значення: /health/
INFO 2019-11-19 20:04:08,910 root : Ключ: server_info, Значення: {'system': 'Linux', 'version': '#39~18.04.1-Ubuntu SMP Tue Nov 12 11:09:50 UTC 2019', 'release': '5.0.0-36-generic', 'network name': 'c4a7b5d23b58', 'machine': 'x86_64', 'processor': ''}
INFO 2019-11-19 20:04:08,910 root : Ключ: client_info, Значення: python-requests/2.22.0
INFO 2019-11-19 20:05:09,028 root : Сервер доступний. Час на сервері: 2019-11-19T20:05:08.982
INFO 2019-11-19 20:05:09,028 root : Запитувана сторінка: : /health/
INFO 2019-11-19 20:05:09,028 root : Відповідь сервера місти наступні поля:
INFO 2019-11-19 20:05:09,028 root : Ключ: date, Значення: 2019-11-19T20:05:08.982
INFO 2019-11-19 20:05:09,029 root : Ключ: current_page, Значення: /health/
INFO 2019-11-19 20:05:09,029 root : Ключ: server_info, Значення: {'system': 'Linux', 'version': '#39~18.04.1-Ubuntu SMP Tue Nov 12 11:09:50 UTC 2019', 'release': '5.0.0-36-generic', 'network name': 'c4a7b5d23b58', 'machine': 'x86_64', 'processor': ''}
INFO 2019-11-19 20:05:09,029 root : Ключ: client_info, Значення: python-requests/2.22.0
INFO 2019-11-19 20:06:09,134 root : Сервер доступний. Час на сервері: 2019-11-19T20:06:09.089
INFO 2019-11-19 20:06:09,134 root : Запитувана сторінка: : /health/
INFO 2019-11-19 20:06:09,134 root : Відповідь сервера місти наступні поля:
INFO 2019-11-19 20:06:09,134 root : Ключ: date, Значення: 2019-11-19T20:06:09.089
INFO 2019-11-19 20:06:09,134 root : Ключ: current_page, Значення: /health/
INFO 2019-11-19 20:06:09,134 root : Ключ: server_info, Значення: {'system': 'Linux', 'version': '#39~18.04.1-Ubuntu SMP Tue Nov 12 11:09:50 UTC 2019', 'release': '5.0.0-36-generic', 'network name': 'c4a7b5d23b58', 'machine': 'x86_64', 'processor': ''}
INFO 2019-11-19 20:06:09,134 root : Ключ: client_info, Значення: python-requests/2.22.0
INFO 2019-11-19 20:07:09,237 root : Сервер доступний. Час на сервері: 2019-11-19T20:07:09.195
INFO 2019-11-19 20:07:09,238 root : Запитувана сторінка: : /health/
INFO 2019-11-19 20:07:09,238 root : Відповідь сервера місти наступні поля:
INFO 2019-11-19 20:07:09,238 root : Ключ: date, Значення: 2019-11-19T20:07:09.195
INFO 2019-11-19 20:07:09,238 root : Ключ: current_page, Значення: /health/
INFO 2019-11-19 20:07:09,238 root : Ключ: server_info, Значення: {'system': 'Linux', 'version': '#39~18.04.1-Ubuntu SMP Tue Nov 12 11:09:50 UTC 2019', 'release': '5.0.0-36-generic', 'network name': 'c4a7b5d23b58', 'machine': 'x86_64', 'processor': ''}
INFO 2019-11-19 20:07:09,238 root : Ключ: client_info, Значення: python-requests/2.22.0
INFO 2019-11-19 20:08:09,346 root : Сервер доступний. Час на сервері: 2019-11-19T20:08:09.302
INFO 2019-11-19 20:08:09,346 root : Запитувана сторінка: : /health/
INFO 2019-11-19 20:08:09,346 root : Відповідь сервера місти наступні поля:
INFO 2019-11-19 20:08:09,346 root : Ключ: date, Значення: 2019-11-19T20:08:09.302
INFO 2019-11-19 20:08:09,346 root : Ключ: current_page, Значення: /health/
INFO 2019-11-19 20:08:09,346 root : Ключ: server_info, Значення: {'system': 'Linux', 'version': '#39~18.04.1-Ubuntu SMP Tue Nov 12 11:09:50 UTC 2019', 'release': '5.0.0-36-generic', 'network name': 'c4a7b5d23b58', 'machine': 'x86_64', 'processor': ''}
INFO 2019-11-19 20:08:09,346 root : Ключ: client_info, Значення: python-requests/2.22.0
INFO 2019-11-19 20:09:09,454 root : Сервер доступний. Час на сервері: 2019-11-19T20:09:09.412
INFO 2019-11-19 20:09:09,454 root : Запитувана сторінка: : /health/
INFO 2019-11-19 20:09:09,454 root : Відповідь сервера місти наступні поля:
INFO 2019-11-19 20:09:09,454 root : Ключ: date, Значення: 2019-11-19T20:09:09.412
INFO 2019-11-19 20:09:09,454 root : Ключ: current_page, Значення: /health/
INFO 2019-11-19 20:09:09,454 root : Ключ: server_info, Значення: {'system': 'Linux', 'version': '#39~18.04.1-Ubuntu SMP Tue Nov 12 11:09:50 UTC 2019', 'release': '5.0.0-36-generic', 'network name': 'c4a7b5d23b58', 'machine': 'x86_64', 'processor': ''}
INFO 2019-11-19 20:09:09,454 root : Ключ: client_info, Значення: python-requests/2.22.0
INFO 2019-11-19 20:31:55,350 root : Сервер доступний. Час на сервері: 2019-11-19T20:31:55.306
INFO 2019-11-19 20:31:55,350 root : Запитувана сторінка: : /health/
INFO 2019-11-19 20:31:55,351 root : Відповідь сервера місти наступні поля:
INFO 2019-11-19 20:31:55,351 root : Ключ: date, Значення: 2019-11-19T20:31:55.306
INFO 2019-11-19 20:31:55,351 root : Ключ: current_page, Значення: /health/
INFO 2019-11-19 20:31:55,351 root : Ключ: server_info, Значення: {'system': 'Linux', 'version': '#39~18.04.1-Ubuntu SMP Tue Nov 12 11:09:50 UTC 2019', 'release': '5.0.0-36-generic', 'network name': 'c4a7b5d23b58', 'machine': 'x86_64', 'processor': ''}
INFO 2019-11-19 20:31:55,351 root : Ключ: client_info, Значення: python-requests/2.22.0
INFO 2019-11-19 20:32:55,465 root : Сервер доступний. Час на сервері: 2019-11-19T20:32:55.417
INFO 2019-11-19 20:32:55,465 root : Запитувана сторінка: : /health/
INFO 2019-11-19 20:32:55,466 root : Відповідь сервера місти наступні поля:
INFO 2019-11-19 20:32:55,466 root : Ключ: date, Значення: 2019-11-19T20:32:55.417
INFO 2019-11-19 20:32:55,466 root : Ключ: current_page, Значення: /health/
INFO 2019-11-19 20:32:55,466 root : Ключ: server_info, Значення: {'system': 'Linux', 'version': '#39~18.04.1-Ubuntu SMP Tue Nov 12 11:09:50 UTC 2019', 'release': '5.0.0-36-generic', 'network name': 'c4a7b5d23b58', 'machine': 'x86_64', 'processor': ''}
INFO 2019-11-19 20:32:55,466 root : Ключ: client_info, Значення: python-requests/2.22.0
